[0.058s] DEBUG:colcon:Command line arguments: ['/usr/bin/colcon', 'list', '--base-paths', 'ros2_ws/src']
[0.058s] DEBUG:colcon:Parsed command line arguments: Namespace(log_base=None, log_level=None, verb_name='list', build_base='build', ignore_user_meta=False, metas=['./colcon.meta'], base_paths=['ros2_ws/src'], packages_ignore=None, packages_ignore_regex=None, paths=None, packages_up_to=None, packages_up_to_regex=None, packages_above=None, packages_above_and_dependencies=None, packages_above_depth=None, packages_select_by_dep=None, packages_skip_by_dep=None, packages_skip_up_to=None, packages_select_build_failed=False, packages_skip_build_finished=False, packages_select_test_failures=False, packages_skip_test_passed=False, packages_select=None, packages_skip=None, packages_select_regex=None, packages_skip_regex=None, packages_start=None, packages_end=None, topological_order=False, names_only=False, paths_only=False, topological_graph=False, topological_graph_dot=False, topological_graph_density=False, topological_graph_legend=False, topological_graph_dot_cluster=False, topological_graph_dot_include_skipped=False, mixin_files=None, mixin=None, verb_parser=<colcon_mixin.mixin.mixin_argument.MixinArgumentDecorator object at 0x76fd616c0eb0>, verb_extension=<colcon_package_information.verb.list.ListVerb object at 0x76fd61687ee0>, main=<bound method ListVerb.main of <colcon_package_information.verb.list.ListVerb object at 0x76fd61687ee0>>, mixin_verb=('list',))
[0.128s] Level 1:colcon.colcon_core.package_discovery:discover_packages(colcon_meta) check parameters
[0.129s] INFO:colcon.colcon_metadata.package_discovery.colcon_meta:Using configuration from '/root/.colcon/metadata/default/Gazebo.meta'
[0.129s] INFO:colcon.colcon_metadata.package_discovery.colcon_meta:Using configuration from '/root/.colcon/metadata/default/fastdds.meta'
[0.129s] INFO:colcon.colcon_metadata.package_discovery.colcon_meta:Using configuration from '/root/.colcon/metadata/default/fastrtps.meta'
[0.129s] Level 1:colcon.colcon_core.package_discovery:discover_packages(recursive) check parameters
[0.129s] Level 1:colcon.colcon_core.package_discovery:discover_packages(ignore) check parameters
[0.129s] Level 1:colcon.colcon_core.package_discovery:discover_packages(path) check parameters
[0.129s] Level 1:colcon.colcon_core.package_discovery:discover_packages(recursive) discover
[0.129s] INFO:colcon.colcon_core.package_discovery:Crawling recursively for packages in '/workspace/ros2_ws/src'
[0.129s] Level 1:colcon.colcon_core.package_identification:_identify(ros2_ws/src) by extensions ['ignore', 'ignore_ament_install']
[0.130s] Level 1:colcon.colcon_core.package_identification:_identify(ros2_ws/src) by extension 'ignore'
[0.130s] Level 1:colcon.colcon_core.package_identification:_identify(ros2_ws/src) by extension 'ignore_ament_install'
[0.130s] Level 1:colcon.colcon_core.package_identification:_identify(ros2_ws/src) by extensions ['colcon_pkg']
[0.130s] Level 1:colcon.colcon_core.package_identification:_identify(ros2_ws/src) by extension 'colcon_pkg'
[0.130s] Level 1:colcon.colcon_core.package_identification:_identify(ros2_ws/src) by extensions ['colcon_meta']
[0.130s] Level 1:colcon.colcon_core.package_identification:_identify(ros2_ws/src) by extension 'colcon_meta'
[0.130s] Level 1:colcon.colcon_core.package_identification:_identify(ros2_ws/src) by extensions ['ros']
[0.130s] Level 1:colcon.colcon_core.package_identification:_identify(ros2_ws/src) by extension 'ros'
[0.136s] Level 1:colcon.colcon_core.package_identification:_identify(ros2_ws/src) by extensions ['cmake', 'python']
[0.136s] Level 1:colcon.colcon_core.package_identification:_identify(ros2_ws/src) by extension 'cmake'
[0.136s] Level 1:colcon.colcon_core.package_identification:_identify(ros2_ws/src) by extension 'python'
[0.136s] Level 1:colcon.colcon_core.package_identification:_identify(ros2_ws/src) by extensions ['python_setup_py']
[0.136s] Level 1:colcon.colcon_core.package_identification:_identify(ros2_ws/src) by extension 'python_setup_py'
[0.136s] Level 1:colcon.colcon_core.package_identification:_identify(ros2_ws/src/panda_ros2) by extensions ['ignore', 'ignore_ament_install']
[0.136s] Level 1:colcon.colcon_core.package_identification:_identify(ros2_ws/src/panda_ros2) by extension 'ignore'
[0.136s] Level 1:colcon.colcon_core.package_identification:_identify(ros2_ws/src/panda_ros2) by extension 'ignore_ament_install'
[0.136s] Level 1:colcon.colcon_core.package_identification:_identify(ros2_ws/src/panda_ros2) by extensions ['colcon_pkg']
[0.136s] Level 1:colcon.colcon_core.package_identification:_identify(ros2_ws/src/panda_ros2) by extension 'colcon_pkg'
[0.136s] Level 1:colcon.colcon_core.package_identification:_identify(ros2_ws/src/panda_ros2) by extensions ['colcon_meta']
[0.136s] Level 1:colcon.colcon_core.package_identification:_identify(ros2_ws/src/panda_ros2) by extension 'colcon_meta'
[0.136s] Level 1:colcon.colcon_core.package_identification:_identify(ros2_ws/src/panda_ros2) by extensions ['ros']
[0.136s] Level 1:colcon.colcon_core.package_identification:_identify(ros2_ws/src/panda_ros2) by extension 'ros'
[0.136s] Level 1:colcon.colcon_core.package_identification:_identify(ros2_ws/src/panda_ros2) by extensions ['cmake', 'python']
[0.137s] Level 1:colcon.colcon_core.package_identification:_identify(ros2_ws/src/panda_ros2) by extension 'cmake'
[0.137s] Level 1:colcon.colcon_core.package_identification:_identify(ros2_ws/src/panda_ros2) by extension 'python'
[0.137s] Level 1:colcon.colcon_core.package_identification:_identify(ros2_ws/src/panda_ros2) by extensions ['python_setup_py']
[0.137s] Level 1:colcon.colcon_core.package_identification:_identify(ros2_ws/src/panda_ros2) by extension 'python_setup_py'
[0.137s] Level 1:colcon.colcon_core.package_identification:_identify(ros2_ws/src/panda_ros2/franka_bringup) by extensions ['ignore', 'ignore_ament_install']
[0.137s] Level 1:colcon.colcon_core.package_identification:_identify(ros2_ws/src/panda_ros2/franka_bringup) by extension 'ignore'
[0.137s] Level 1:colcon.colcon_core.package_identification:_identify(ros2_ws/src/panda_ros2/franka_bringup) by extension 'ignore_ament_install'
[0.137s] Level 1:colcon.colcon_core.package_identification:_identify(ros2_ws/src/panda_ros2/franka_bringup) by extensions ['colcon_pkg']
[0.137s] Level 1:colcon.colcon_core.package_identification:_identify(ros2_ws/src/panda_ros2/franka_bringup) by extension 'colcon_pkg'
[0.137s] Level 1:colcon.colcon_core.package_identification:_identify(ros2_ws/src/panda_ros2/franka_bringup) by extensions ['colcon_meta']
[0.137s] Level 1:colcon.colcon_core.package_identification:_identify(ros2_ws/src/panda_ros2/franka_bringup) by extension 'colcon_meta'
[0.137s] Level 1:colcon.colcon_core.package_identification:_identify(ros2_ws/src/panda_ros2/franka_bringup) by extensions ['ros']
[0.137s] Level 1:colcon.colcon_core.package_identification:_identify(ros2_ws/src/panda_ros2/franka_bringup) by extension 'ros'
[0.138s] DEBUG:colcon.colcon_core.package_identification:Package 'ros2_ws/src/panda_ros2/franka_bringup' with type 'ros.ament_cmake' and name 'franka_bringup'
[0.138s] Level 1:colcon.colcon_core.package_identification:_identify(ros2_ws/src/panda_ros2/franka_control2) by extensions ['ignore', 'ignore_ament_install']
[0.138s] Level 1:colcon.colcon_core.package_identification:_identify(ros2_ws/src/panda_ros2/franka_control2) by extension 'ignore'
[0.138s] Level 1:colcon.colcon_core.package_identification:_identify(ros2_ws/src/panda_ros2/franka_control2) by extension 'ignore_ament_install'
[0.138s] Level 1:colcon.colcon_core.package_identification:_identify(ros2_ws/src/panda_ros2/franka_control2) by extensions ['colcon_pkg']
[0.138s] Level 1:colcon.colcon_core.package_identification:_identify(ros2_ws/src/panda_ros2/franka_control2) by extension 'colcon_pkg'
[0.138s] Level 1:colcon.colcon_core.package_identification:_identify(ros2_ws/src/panda_ros2/franka_control2) by extensions ['colcon_meta']
[0.138s] Level 1:colcon.colcon_core.package_identification:_identify(ros2_ws/src/panda_ros2/franka_control2) by extension 'colcon_meta'
[0.138s] Level 1:colcon.colcon_core.package_identification:_identify(ros2_ws/src/panda_ros2/franka_control2) by extensions ['ros']
[0.138s] Level 1:colcon.colcon_core.package_identification:_identify(ros2_ws/src/panda_ros2/franka_control2) by extension 'ros'
[0.139s] DEBUG:colcon.colcon_core.package_identification:Package 'ros2_ws/src/panda_ros2/franka_control2' with type 'ros.ament_cmake' and name 'franka_control2'
[0.139s] Level 1:colcon.colcon_core.package_identification:_identify(ros2_ws/src/panda_ros2/franka_description) by extensions ['ignore', 'ignore_ament_install']
[0.139s] Level 1:colcon.colcon_core.package_identification:_identify(ros2_ws/src/panda_ros2/franka_description) by extension 'ignore'
[0.139s] Level 1:colcon.colcon_core.package_identification:_identify(ros2_ws/src/panda_ros2/franka_description) by extension 'ignore_ament_install'
[0.139s] Level 1:colcon.colcon_core.package_identification:_identify(ros2_ws/src/panda_ros2/franka_description) by extensions ['colcon_pkg']
[0.139s] Level 1:colcon.colcon_core.package_identification:_identify(ros2_ws/src/panda_ros2/franka_description) by extension 'colcon_pkg'
[0.139s] Level 1:colcon.colcon_core.package_identification:_identify(ros2_ws/src/panda_ros2/franka_description) by extensions ['colcon_meta']
[0.139s] Level 1:colcon.colcon_core.package_identification:_identify(ros2_ws/src/panda_ros2/franka_description) by extension 'colcon_meta'
[0.139s] Level 1:colcon.colcon_core.package_identification:_identify(ros2_ws/src/panda_ros2/franka_description) by extensions ['ros']
[0.139s] Level 1:colcon.colcon_core.package_identification:_identify(ros2_ws/src/panda_ros2/franka_description) by extension 'ros'
[0.140s] DEBUG:colcon.colcon_core.package_identification:Package 'ros2_ws/src/panda_ros2/franka_description' with type 'ros.ament_cmake' and name 'franka_description'
[0.140s] Level 1:colcon.colcon_core.package_identification:_identify(ros2_ws/src/panda_ros2/franka_example_controllers) by extensions ['ignore', 'ignore_ament_install']
[0.140s] Level 1:colcon.colcon_core.package_identification:_identify(ros2_ws/src/panda_ros2/franka_example_controllers) by extension 'ignore'
[0.140s] Level 1:colcon.colcon_core.package_identification:_identify(ros2_ws/src/panda_ros2/franka_example_controllers) by extension 'ignore_ament_install'
[0.140s] Level 1:colcon.colcon_core.package_identification:_identify(ros2_ws/src/panda_ros2/franka_example_controllers) by extensions ['colcon_pkg']
[0.140s] Level 1:colcon.colcon_core.package_identification:_identify(ros2_ws/src/panda_ros2/franka_example_controllers) by extension 'colcon_pkg'
[0.140s] Level 1:colcon.colcon_core.package_identification:_identify(ros2_ws/src/panda_ros2/franka_example_controllers) by extensions ['colcon_meta']
[0.140s] Level 1:colcon.colcon_core.package_identification:_identify(ros2_ws/src/panda_ros2/franka_example_controllers) by extension 'colcon_meta'
[0.140s] Level 1:colcon.colcon_core.package_identification:_identify(ros2_ws/src/panda_ros2/franka_example_controllers) by extensions ['ros']
[0.140s] Level 1:colcon.colcon_core.package_identification:_identify(ros2_ws/src/panda_ros2/franka_example_controllers) by extension 'ros'
[0.140s] DEBUG:colcon.colcon_core.package_identification:Package 'ros2_ws/src/panda_ros2/franka_example_controllers' with type 'ros.ament_cmake' and name 'franka_example_controllers'
[0.140s] Level 1:colcon.colcon_core.package_identification:_identify(ros2_ws/src/panda_ros2/franka_gripper) by extensions ['ignore', 'ignore_ament_install']
[0.140s] Level 1:colcon.colcon_core.package_identification:_identify(ros2_ws/src/panda_ros2/franka_gripper) by extension 'ignore'
[0.140s] Level 1:colcon.colcon_core.package_identification:_identify(ros2_ws/src/panda_ros2/franka_gripper) by extension 'ignore_ament_install'
[0.140s] Level 1:colcon.colcon_core.package_identification:_identify(ros2_ws/src/panda_ros2/franka_gripper) by extensions ['colcon_pkg']
[0.140s] Level 1:colcon.colcon_core.package_identification:_identify(ros2_ws/src/panda_ros2/franka_gripper) by extension 'colcon_pkg'
[0.140s] Level 1:colcon.colcon_core.package_identification:_identify(ros2_ws/src/panda_ros2/franka_gripper) by extensions ['colcon_meta']
[0.140s] Level 1:colcon.colcon_core.package_identification:_identify(ros2_ws/src/panda_ros2/franka_gripper) by extension 'colcon_meta'
[0.141s] Level 1:colcon.colcon_core.package_identification:_identify(ros2_ws/src/panda_ros2/franka_gripper) by extensions ['ros']
[0.141s] Level 1:colcon.colcon_core.package_identification:_identify(ros2_ws/src/panda_ros2/franka_gripper) by extension 'ros'
[0.141s] DEBUG:colcon.colcon_core.package_identification:Package 'ros2_ws/src/panda_ros2/franka_gripper' with type 'ros.ament_cmake' and name 'franka_gripper'
[0.141s] Level 1:colcon.colcon_core.package_identification:_identify(ros2_ws/src/panda_ros2/franka_hardware) by extensions ['ignore', 'ignore_ament_install']
[0.141s] Level 1:colcon.colcon_core.package_identification:_identify(ros2_ws/src/panda_ros2/franka_hardware) by extension 'ignore'
[0.141s] Level 1:colcon.colcon_core.package_identification:_identify(ros2_ws/src/panda_ros2/franka_hardware) by extension 'ignore_ament_install'
[0.141s] Level 1:colcon.colcon_core.package_identification:_identify(ros2_ws/src/panda_ros2/franka_hardware) by extensions ['colcon_pkg']
[0.141s] Level 1:colcon.colcon_core.package_identification:_identify(ros2_ws/src/panda_ros2/franka_hardware) by extension 'colcon_pkg'
[0.141s] Level 1:colcon.colcon_core.package_identification:_identify(ros2_ws/src/panda_ros2/franka_hardware) by extensions ['colcon_meta']
[0.141s] Level 1:colcon.colcon_core.package_identification:_identify(ros2_ws/src/panda_ros2/franka_hardware) by extension 'colcon_meta'
[0.141s] Level 1:colcon.colcon_core.package_identification:_identify(ros2_ws/src/panda_ros2/franka_hardware) by extensions ['ros']
[0.141s] Level 1:colcon.colcon_core.package_identification:_identify(ros2_ws/src/panda_ros2/franka_hardware) by extension 'ros'
[0.142s] DEBUG:colcon.colcon_core.package_identification:Package 'ros2_ws/src/panda_ros2/franka_hardware' with type 'ros.ament_cmake' and name 'franka_hardware'
[0.142s] Level 1:colcon.colcon_core.package_identification:_identify(ros2_ws/src/panda_ros2/franka_moveit_config) by extensions ['ignore', 'ignore_ament_install']
[0.142s] Level 1:colcon.colcon_core.package_identification:_identify(ros2_ws/src/panda_ros2/franka_moveit_config) by extension 'ignore'
[0.142s] Level 1:colcon.colcon_core.package_identification:_identify(ros2_ws/src/panda_ros2/franka_moveit_config) by extension 'ignore_ament_install'
[0.142s] Level 1:colcon.colcon_core.package_identification:_identify(ros2_ws/src/panda_ros2/franka_moveit_config) by extensions ['colcon_pkg']
[0.142s] Level 1:colcon.colcon_core.package_identification:_identify(ros2_ws/src/panda_ros2/franka_moveit_config) by extension 'colcon_pkg'
[0.142s] Level 1:colcon.colcon_core.package_identification:_identify(ros2_ws/src/panda_ros2/franka_moveit_config) by extensions ['colcon_meta']
[0.142s] Level 1:colcon.colcon_core.package_identification:_identify(ros2_ws/src/panda_ros2/franka_moveit_config) by extension 'colcon_meta'
[0.142s] Level 1:colcon.colcon_core.package_identification:_identify(ros2_ws/src/panda_ros2/franka_moveit_config) by extensions ['ros']
[0.142s] Level 1:colcon.colcon_core.package_identification:_identify(ros2_ws/src/panda_ros2/franka_moveit_config) by extension 'ros'
[0.142s] DEBUG:colcon.colcon_core.package_identification:Package 'ros2_ws/src/panda_ros2/franka_moveit_config' with type 'ros.ament_cmake' and name 'franka_moveit_config'
[0.142s] Level 1:colcon.colcon_core.package_identification:_identify(ros2_ws/src/panda_ros2/franka_msgs) by extensions ['ignore', 'ignore_ament_install']
[0.142s] Level 1:colcon.colcon_core.package_identification:_identify(ros2_ws/src/panda_ros2/franka_msgs) by extension 'ignore'
[0.142s] Level 1:colcon.colcon_core.package_identification:_identify(ros2_ws/src/panda_ros2/franka_msgs) by extension 'ignore_ament_install'
[0.142s] Level 1:colcon.colcon_core.package_identification:_identify(ros2_ws/src/panda_ros2/franka_msgs) by extensions ['colcon_pkg']
[0.142s] Level 1:colcon.colcon_core.package_identification:_identify(ros2_ws/src/panda_ros2/franka_msgs) by extension 'colcon_pkg'
[0.142s] Level 1:colcon.colcon_core.package_identification:_identify(ros2_ws/src/panda_ros2/franka_msgs) by extensions ['colcon_meta']
[0.142s] Level 1:colcon.colcon_core.package_identification:_identify(ros2_ws/src/panda_ros2/franka_msgs) by extension 'colcon_meta'
[0.143s] Level 1:colcon.colcon_core.package_identification:_identify(ros2_ws/src/panda_ros2/franka_msgs) by extensions ['ros']
[0.143s] Level 1:colcon.colcon_core.package_identification:_identify(ros2_ws/src/panda_ros2/franka_msgs) by extension 'ros'
[0.143s] DEBUG:colcon.colcon_core.package_identification:Package 'ros2_ws/src/panda_ros2/franka_msgs' with type 'ros.ament_cmake' and name 'franka_msgs'
[0.143s] Level 1:colcon.colcon_core.package_identification:_identify(ros2_ws/src/panda_ros2/franka_robot_state_broadcaster) by extensions ['ignore', 'ignore_ament_install']
[0.143s] Level 1:colcon.colcon_core.package_identification:_identify(ros2_ws/src/panda_ros2/franka_robot_state_broadcaster) by extension 'ignore'
[0.143s] Level 1:colcon.colcon_core.package_identification:_identify(ros2_ws/src/panda_ros2/franka_robot_state_broadcaster) by extension 'ignore_ament_install'
[0.143s] Level 1:colcon.colcon_core.package_identification:_identify(ros2_ws/src/panda_ros2/franka_robot_state_broadcaster) by extensions ['colcon_pkg']
[0.143s] Level 1:colcon.colcon_core.package_identification:_identify(ros2_ws/src/panda_ros2/franka_robot_state_broadcaster) by extension 'colcon_pkg'
[0.143s] Level 1:colcon.colcon_core.package_identification:_identify(ros2_ws/src/panda_ros2/franka_robot_state_broadcaster) by extensions ['colcon_meta']
[0.143s] Level 1:colcon.colcon_core.package_identification:_identify(ros2_ws/src/panda_ros2/franka_robot_state_broadcaster) by extension 'colcon_meta'
[0.143s] Level 1:colcon.colcon_core.package_identification:_identify(ros2_ws/src/panda_ros2/franka_robot_state_broadcaster) by extensions ['ros']
[0.143s] Level 1:colcon.colcon_core.package_identification:_identify(ros2_ws/src/panda_ros2/franka_robot_state_broadcaster) by extension 'ros'
[0.144s] DEBUG:colcon.colcon_core.package_identification:Package 'ros2_ws/src/panda_ros2/franka_robot_state_broadcaster' with type 'ros.ament_cmake' and name 'franka_robot_state_broadcaster'
[0.144s] Level 1:colcon.colcon_core.package_identification:_identify(ros2_ws/src/panda_ros2/franka_semantic_components) by extensions ['ignore', 'ignore_ament_install']
[0.144s] Level 1:colcon.colcon_core.package_identification:_identify(ros2_ws/src/panda_ros2/franka_semantic_components) by extension 'ignore'
[0.144s] Level 1:colcon.colcon_core.package_identification:_identify(ros2_ws/src/panda_ros2/franka_semantic_components) by extension 'ignore_ament_install'
[0.144s] Level 1:colcon.colcon_core.package_identification:_identify(ros2_ws/src/panda_ros2/franka_semantic_components) by extensions ['colcon_pkg']
[0.144s] Level 1:colcon.colcon_core.package_identification:_identify(ros2_ws/src/panda_ros2/franka_semantic_components) by extension 'colcon_pkg'
[0.144s] Level 1:colcon.colcon_core.package_identification:_identify(ros2_ws/src/panda_ros2/franka_semantic_components) by extensions ['colcon_meta']
[0.144s] Level 1:colcon.colcon_core.package_identification:_identify(ros2_ws/src/panda_ros2/franka_semantic_components) by extension 'colcon_meta'
[0.144s] Level 1:colcon.colcon_core.package_identification:_identify(ros2_ws/src/panda_ros2/franka_semantic_components) by extensions ['ros']
[0.144s] Level 1:colcon.colcon_core.package_identification:_identify(ros2_ws/src/panda_ros2/franka_semantic_components) by extension 'ros'
[0.144s] DEBUG:colcon.colcon_core.package_identification:Package 'ros2_ws/src/panda_ros2/franka_semantic_components' with type 'ros.ament_cmake' and name 'franka_semantic_components'
[0.144s] Level 1:colcon.colcon_core.package_identification:_identify(ros2_ws/src/pymoveit2) by extensions ['ignore', 'ignore_ament_install']
[0.144s] Level 1:colcon.colcon_core.package_identification:_identify(ros2_ws/src/pymoveit2) by extension 'ignore'
[0.144s] Level 1:colcon.colcon_core.package_identification:_identify(ros2_ws/src/pymoveit2) by extension 'ignore_ament_install'
[0.144s] Level 1:colcon.colcon_core.package_identification:_identify(ros2_ws/src/pymoveit2) by extensions ['colcon_pkg']
[0.144s] Level 1:colcon.colcon_core.package_identification:_identify(ros2_ws/src/pymoveit2) by extension 'colcon_pkg'
[0.144s] Level 1:colcon.colcon_core.package_identification:_identify(ros2_ws/src/pymoveit2) by extensions ['colcon_meta']
[0.144s] Level 1:colcon.colcon_core.package_identification:_identify(ros2_ws/src/pymoveit2) by extension 'colcon_meta'
[0.144s] Level 1:colcon.colcon_core.package_identification:_identify(ros2_ws/src/pymoveit2) by extensions ['ros']
[0.144s] Level 1:colcon.colcon_core.package_identification:_identify(ros2_ws/src/pymoveit2) by extension 'ros'
[0.145s] DEBUG:colcon.colcon_core.package_identification:Package 'ros2_ws/src/pymoveit2' with type 'ros.ament_cmake' and name 'pymoveit2'
[0.145s] Level 1:colcon.colcon_core.package_identification:_identify(ros2_ws/src/realsese_bringup) by extensions ['ignore', 'ignore_ament_install']
[0.145s] Level 1:colcon.colcon_core.package_identification:_identify(ros2_ws/src/realsese_bringup) by extension 'ignore'
[0.145s] Level 1:colcon.colcon_core.package_identification:_identify(ros2_ws/src/realsese_bringup) by extension 'ignore_ament_install'
[0.145s] Level 1:colcon.colcon_core.package_identification:_identify(ros2_ws/src/realsese_bringup) by extensions ['colcon_pkg']
[0.145s] Level 1:colcon.colcon_core.package_identification:_identify(ros2_ws/src/realsese_bringup) by extension 'colcon_pkg'
[0.145s] Level 1:colcon.colcon_core.package_identification:_identify(ros2_ws/src/realsese_bringup) by extensions ['colcon_meta']
[0.145s] Level 1:colcon.colcon_core.package_identification:_identify(ros2_ws/src/realsese_bringup) by extension 'colcon_meta'
[0.145s] Level 1:colcon.colcon_core.package_identification:_identify(ros2_ws/src/realsese_bringup) by extensions ['ros']
[0.145s] Level 1:colcon.colcon_core.package_identification:_identify(ros2_ws/src/realsese_bringup) by extension 'ros'
[0.146s] DEBUG:colcon.colcon_core.package_identification:Package 'ros2_ws/src/realsese_bringup' with type 'ros.ament_python' and name 'realsese_bringup'
[0.146s] Level 1:colcon.colcon_core.package_identification:_identify(ros2_ws/src/topic_based_ros2_control) by extensions ['ignore', 'ignore_ament_install']
[0.146s] Level 1:colcon.colcon_core.package_identification:_identify(ros2_ws/src/topic_based_ros2_control) by extension 'ignore'
[0.146s] Level 1:colcon.colcon_core.package_identification:_identify(ros2_ws/src/topic_based_ros2_control) by extension 'ignore_ament_install'
[0.146s] Level 1:colcon.colcon_core.package_identification:_identify(ros2_ws/src/topic_based_ros2_control) by extensions ['colcon_pkg']
[0.146s] Level 1:colcon.colcon_core.package_identification:_identify(ros2_ws/src/topic_based_ros2_control) by extension 'colcon_pkg'
[0.146s] Level 1:colcon.colcon_core.package_identification:_identify(ros2_ws/src/topic_based_ros2_control) by extensions ['colcon_meta']
[0.146s] Level 1:colcon.colcon_core.package_identification:_identify(ros2_ws/src/topic_based_ros2_control) by extension 'colcon_meta'
[0.146s] Level 1:colcon.colcon_core.package_identification:_identify(ros2_ws/src/topic_based_ros2_control) by extensions ['ros']
[0.146s] Level 1:colcon.colcon_core.package_identification:_identify(ros2_ws/src/topic_based_ros2_control) by extension 'ros'
[0.146s] DEBUG:colcon.colcon_core.package_identification:Package 'ros2_ws/src/topic_based_ros2_control' with type 'ros.ament_cmake' and name 'topic_based_ros2_control'
[0.146s] Level 1:colcon.colcon_core.package_discovery:discover_packages(recursive) using defaults
